<?xml version="1.0" encoding="UTF-8"?>
<!-- Generated by org.testng.reporters.JUnitReportReporter -->
<testsuite skipped="0" hostname="CHE1-CND7504CZD" name="practice_programs.MoveZerosToEnd" tests="1" failures="0" timestamp="2020-09-08T14:44:50 IST" time="0.011" errors="0">
  <testcase name="testMethod1" time="0.011" classname="practice_programs.MoveZerosToEnd"/>
  <system-out/>
</testsuite> <!-- practice_programs.MoveZerosToEnd -->
