<?xml version="1.0" encoding="UTF-8"?>
<!-- Generated by org.testng.reporters.JUnitReportReporter -->
<testsuite skipped="0" hostname="CHE1-CND7504CZD" name="practice_programs.MaxProductNumberInArray" tests="3" failures="0" timestamp="2020-09-08T13:27:18 IST" time="0.011" errors="0">
  <testcase name="testCase2" time="0.001" classname="practice_programs.MaxProductNumberInArray"/>
  <system-out/>
  <testcase name="testCase1" time="0.009" classname="practice_programs.MaxProductNumberInArray"/>
  <system-out/>
  <testcase name="testCase3" time="0.001" classname="practice_programs.MaxProductNumberInArray"/>
  <system-out/>
</testsuite> <!-- practice_programs.MaxProductNumberInArray -->
